The system is: Linux - 6.2.1-arch1-1 - x86_64
Compiling the C compiler identification source file "CMakeCCompilerId.c" succeeded.
Compiler: /usr/bin/cc 
Build flags: 
Id flags:  

The output was:
0


Compilation of the C compiler identification source "CMakeCCompilerId.c" produced "a.out"

The C compiler identification is GNU, found in "/home/garrett/git/opengl-text-editor/build/CMakeFiles/3.25.2/CompilerIdC/a.out"

Compiling the CXX compiler identification source file "CMakeCXXCompilerId.cpp" succeeded.
Compiler: /usr/bin/c++ 
Build flags: 
Id flags:  

The output was:
0


Compilation of the CXX compiler identification source "CMakeCXXCompilerId.cpp" produced "a.out"

The CXX compiler identification is GNU, found in "/home/garrett/git/opengl-text-editor/build/CMakeFiles/3.25.2/CompilerIdCXX/a.out"

Detecting C compiler ABI info compiled with the following output:
Change Dir: /home/garrett/git/opengl-text-editor/build/CMakeFiles/CMakeScratch/TryCompile-nUqQUy

Run Build Command(s):/usr/bin/make -f Makefile cmTC_a941b/fast && /usr/bin/make  -f CMakeFiles/cmTC_a941b.dir/build.make CMakeFiles/cmTC_a941b.dir/build
make[1]: Entering directory '/home/garrett/git/opengl-text-editor/build/CMakeFiles/CMakeScratch/TryCompile-nUqQUy'
Building C object CMakeFiles/cmTC_a941b.dir/CMakeCCompilerABI.c.o
/usr/bin/cc   -v -o CMakeFiles/cmTC_a941b.dir/CMakeCCompilerABI.c.o -c /usr/share/cmake/Modules/CMakeCCompilerABI.c
Using built-in specs.
COLLECT_GCC=/usr/bin/cc
Target: x86_64-pc-linux-gnu
Configured with: /build/gcc/src/gcc/configure --enable-languages=c,c++,ada,fortran,go,lto,objc,obj-c++,d --enable-bootstrap --prefix=/usr --libdir=/usr/lib --libexecdir=/usr/lib --mandir=/usr/share/man --infodir=/usr/share/info --with-bugurl=https://bugs.archlinux.org/ --with-build-config=bootstrap-lto --with-linker-hash-style=gnu --with-system-zlib --enable-__cxa_atexit --enable-cet=auto --enable-checking=release --enable-clocale=gnu --enable-default-pie --enable-default-ssp --enable-gnu-indirect-function --enable-gnu-unique-object --enable-libstdcxx-backtrace --enable-link-serialization=1 --enable-linker-build-id --enable-lto --enable-multilib --enable-plugin --enable-shared --enable-threads=posix --disable-libssp --disable-libstdcxx-pch --disable-werror
Thread model: posix
Supported LTO compression algorithms: zlib zstd
gcc version 12.2.1 20230201 (GCC) 
COLLECT_GCC_OPTIONS='-v' '-o' 'CMakeFiles/cmTC_a941b.dir/CMakeCCompilerABI.c.o' '-c' '-mtune=generic' '-march=x86-64' '-dumpdir' 'CMakeFiles/cmTC_a941b.dir/'
 /usr/lib/gcc/x86_64-pc-linux-gnu/12.2.1/cc1 -quiet -v /usr/share/cmake/Modules/CMakeCCompilerABI.c -quiet -dumpdir CMakeFiles/cmTC_a941b.dir/ -dumpbase CMakeCCompilerABI.c.c -dumpbase-ext .c -mtune=generic -march=x86-64 -version -o /tmp/cctPi8He.s
GNU C17 (GCC) version 12.2.1 20230201 (x86_64-pc-linux-gnu)
	compiled by GNU C version 12.2.1 20230201, GMP version 6.2.1, MPFR version 4.2.0, MPC version 1.3.1, isl version isl-0.25-GMP

GGC heuristics: --param ggc-min-expand=100 --param ggc-min-heapsize=131072
ignoring nonexistent directory "/usr/lib/gcc/x86_64-pc-linux-gnu/12.2.1/../../../../x86_64-pc-linux-gnu/include"
#include "..." search starts here:
#include <...> search starts here:
 /usr/lib/gcc/x86_64-pc-linux-gnu/12.2.1/include
 /usr/local/include
 /usr/lib/gcc/x86_64-pc-linux-gnu/12.2.1/include-fixed
 /usr/include
End of search list.
GNU C17 (GCC) version 12.2.1 20230201 (x86_64-pc-linux-gnu)
	compiled by GNU C version 12.2.1 20230201, GMP version 6.2.1, MPFR version 4.2.0, MPC version 1.3.1, isl version isl-0.25-GMP

GGC heuristics: --param ggc-min-expand=100 --param ggc-min-heapsize=131072
Compiler executable checksum: 99df1fbb4c4d7eeb8d93f0979bfab9ce
COLLECT_GCC_OPTIONS='-v' '-o' 'CMakeFiles/cmTC_a941b.dir/CMakeCCompilerABI.c.o' '-c' '-mtune=generic' '-march=x86-64' '-dumpdir' 'CMakeFiles/cmTC_a941b.dir/'
 as -v --64 -o CMakeFiles/cmTC_a941b.dir/CMakeCCompilerABI.c.o /tmp/cctPi8He.s
GNU assembler version 2.40 (x86_64-pc-linux-gnu) using BFD version (GNU Binutils) 2.40
COMPILER_PATH=/usr/lib/gcc/x86_64-pc-linux-gnu/12.2.1/:/usr/lib/gcc/x86_64-pc-linux-gnu/12.2.1/:/usr/lib/gcc/x86_64-pc-linux-gnu/:/usr/lib/gcc/x86_64-pc-linux-gnu/12.2.1/:/usr/lib/gcc/x86_64-pc-linux-gnu/
LIBRARY_PATH=/usr/lib/gcc/x86_64-pc-linux-gnu/12.2.1/:/usr/lib/gcc/x86_64-pc-linux-gnu/12.2.1/../../../../lib/:/lib/../lib/:/usr/lib/../lib/:/usr/lib/gcc/x86_64-pc-linux-gnu/12.2.1/../../../:/lib/:/usr/lib/
COLLECT_GCC_OPTIONS='-v' '-o' 'CMakeFiles/cmTC_a941b.dir/CMakeCCompilerABI.c.o' '-c' '-mtune=generic' '-march=x86-64' '-dumpdir' 'CMakeFiles/cmTC_a941b.dir/CMakeCCompilerABI.c.'
Linking C executable cmTC_a941b
/usr/bin/cmake -E cmake_link_script CMakeFiles/cmTC_a941b.dir/link.txt --verbose=1
/usr/bin/cc  -v CMakeFiles/cmTC_a941b.dir/CMakeCCompilerABI.c.o -o cmTC_a941b 
Using built-in specs.
COLLECT_GCC=/usr/bin/cc
COLLECT_LTO_WRAPPER=/usr/lib/gcc/x86_64-pc-linux-gnu/12.2.1/lto-wrapper
Target: x86_64-pc-linux-gnu
Configured with: /build/gcc/src/gcc/configure --enable-languages=c,c++,ada,fortran,go,lto,objc,obj-c++,d --enable-bootstrap --prefix=/usr --libdir=/usr/lib --libexecdir=/usr/lib --mandir=/usr/share/man --infodir=/usr/share/info --with-bugurl=https://bugs.archlinux.org/ --with-build-config=bootstrap-lto --with-linker-hash-style=gnu --with-system-zlib --enable-__cxa_atexit --enable-cet=auto --enable-checking=release --enable-clocale=gnu --enable-default-pie --enable-default-ssp --enable-gnu-indirect-function --enable-gnu-unique-object --enable-libstdcxx-backtrace --enable-link-serialization=1 --enable-linker-build-id --enable-lto --enable-multilib --enable-plugin --enable-shared --enable-threads=posix --disable-libssp --disable-libstdcxx-pch --disable-werror
Thread model: posix
Supported LTO compression algorithms: zlib zstd
gcc version 12.2.1 20230201 (GCC) 
COMPILER_PATH=/usr/lib/gcc/x86_64-pc-linux-gnu/12.2.1/:/usr/lib/gcc/x86_64-pc-linux-gnu/12.2.1/:/usr/lib/gcc/x86_64-pc-linux-gnu/:/usr/lib/gcc/x86_64-pc-linux-gnu/12.2.1/:/usr/lib/gcc/x86_64-pc-linux-gnu/
LIBRARY_PATH=/usr/lib/gcc/x86_64-pc-linux-gnu/12.2.1/:/usr/lib/gcc/x86_64-pc-linux-gnu/12.2.1/../../../../lib/:/lib/../lib/:/usr/lib/../lib/:/usr/lib/gcc/x86_64-pc-linux-gnu/12.2.1/../../../:/lib/:/usr/lib/
COLLECT_GCC_OPTIONS='-v' '-o' 'cmTC_a941b' '-mtune=generic' '-march=x86-64' '-dumpdir' 'cmTC_a941b.'
 /usr/lib/gcc/x86_64-pc-linux-gnu/12.2.1/collect2 -plugin /usr/lib/gcc/x86_64-pc-linux-gnu/12.2.1/liblto_plugin.so -plugin-opt=/usr/lib/gcc/x86_64-pc-linux-gnu/12.2.1/lto-wrapper -plugin-opt=-fresolution=/tmp/ccLhcTZq.res -plugin-opt=-pass-through=-lgcc -plugin-opt=-pass-through=-lgcc_s -plugin-opt=-pass-through=-lc -plugin-opt=-pass-through=-lgcc -plugin-opt=-pass-through=-lgcc_s --build-id --eh-frame-hdr --hash-style=gnu -m elf_x86_64 -dynamic-linker /lib64/ld-linux-x86-64.so.2 -pie -o cmTC_a941b /usr/lib/gcc/x86_64-pc-linux-gnu/12.2.1/../../../../lib/Scrt1.o /usr/lib/gcc/x86_64-pc-linux-gnu/12.2.1/../../../../lib/crti.o /usr/lib/gcc/x86_64-pc-linux-gnu/12.2.1/crtbeginS.o -L/usr/lib/gcc/x86_64-pc-linux-gnu/12.2.1 -L/usr/lib/gcc/x86_64-pc-linux-gnu/12.2.1/../../../../lib -L/lib/../lib -L/usr/lib/../lib -L/usr/lib/gcc/x86_64-pc-linux-gnu/12.2.1/../../.. CMakeFiles/cmTC_a941b.dir/CMakeCCompilerABI.c.o -lgcc --push-state --as-needed -lgcc_s --pop-state -lc -lgcc --push-state --as-needed -lgcc_s --pop-state /usr/lib/gcc/x86_64-pc-linux-gnu/12.2.1/crtendS.o /usr/lib/gcc/x86_64-pc-linux-gnu/12.2.1/../../../../lib/crtn.o
COLLECT_GCC_OPTIONS='-v' '-o' 'cmTC_a941b' '-mtune=generic' '-march=x86-64' '-dumpdir' 'cmTC_a941b.'
make[1]: Leaving directory '/home/garrett/git/opengl-text-editor/build/CMakeFiles/CMakeScratch/TryCompile-nUqQUy'



Parsed C implicit include dir info from above output: rv=done
  found start of include info
  found start of implicit include info
    add: [/usr/lib/gcc/x86_64-pc-linux-gnu/12.2.1/include]
    add: [/usr/local/include]
    add: [/usr/lib/gcc/x86_64-pc-linux-gnu/12.2.1/include-fixed]
    add: [/usr/include]
  end of search list found
  collapse include dir [/usr/lib/gcc/x86_64-pc-linux-gnu/12.2.1/include] ==> [/usr/lib/gcc/x86_64-pc-linux-gnu/12.2.1/include]
  collapse include dir [/usr/local/include] ==> [/usr/local/include]
  collapse include dir [/usr/lib/gcc/x86_64-pc-linux-gnu/12.2.1/include-fixed] ==> [/usr/lib/gcc/x86_64-pc-linux-gnu/12.2.1/include-fixed]
  collapse include dir [/usr/include] ==> [/usr/include]
  implicit include dirs: [/usr/lib/gcc/x86_64-pc-linux-gnu/12.2.1/include;/usr/local/include;/usr/lib/gcc/x86_64-pc-linux-gnu/12.2.1/include-fixed;/usr/include]


Parsed C implicit link information from above output:
  link line regex: [^( *|.*[/\])(ld|CMAKE_LINK_STARTFILE-NOTFOUND|([^/\]+-)?ld|collect2)[^/\]*( |$)]
  ignore line: [Change Dir: /home/garrett/git/opengl-text-editor/build/CMakeFiles/CMakeScratch/TryCompile-nUqQUy]
  ignore line: []
  ignore line: [Run Build Command(s):/usr/bin/make -f Makefile cmTC_a941b/fast && /usr/bin/make  -f CMakeFiles/cmTC_a941b.dir/build.make CMakeFiles/cmTC_a941b.dir/build]
  ignore line: [make[1]: Entering directory '/home/garrett/git/opengl-text-editor/build/CMakeFiles/CMakeScratch/TryCompile-nUqQUy']
  ignore line: [Building C object CMakeFiles/cmTC_a941b.dir/CMakeCCompilerABI.c.o]
  ignore line: [/usr/bin/cc   -v -o CMakeFiles/cmTC_a941b.dir/CMakeCCompilerABI.c.o -c /usr/share/cmake/Modules/CMakeCCompilerABI.c]
  ignore line: [Using built-in specs.]
  ignore line: [COLLECT_GCC=/usr/bin/cc]
  ignore line: [Target: x86_64-pc-linux-gnu]
  ignore line: [Configured with: /build/gcc/src/gcc/configure --enable-languages=c c++ ada fortran go lto objc obj-c++ d --enable-bootstrap --prefix=/usr --libdir=/usr/lib --libexecdir=/usr/lib --mandir=/usr/share/man --infodir=/usr/share/info --with-bugurl=https://bugs.archlinux.org/ --with-build-config=bootstrap-lto --with-linker-hash-style=gnu --with-system-zlib --enable-__cxa_atexit --enable-cet=auto --enable-checking=release --enable-clocale=gnu --enable-default-pie --enable-default-ssp --enable-gnu-indirect-function --enable-gnu-unique-object --enable-libstdcxx-backtrace --enable-link-serialization=1 --enable-linker-build-id --enable-lto --enable-multilib --enable-plugin --enable-shared --enable-threads=posix --disable-libssp --disable-libstdcxx-pch --disable-werror]
  ignore line: [Thread model: posix]
  ignore line: [Supported LTO compression algorithms: zlib zstd]
  ignore line: [gcc version 12.2.1 20230201 (GCC) ]
  ignore line: [COLLECT_GCC_OPTIONS='-v' '-o' 'CMakeFiles/cmTC_a941b.dir/CMakeCCompilerABI.c.o' '-c' '-mtune=generic' '-march=x86-64' '-dumpdir' 'CMakeFiles/cmTC_a941b.dir/']
  ignore line: [ /usr/lib/gcc/x86_64-pc-linux-gnu/12.2.1/cc1 -quiet -v /usr/share/cmake/Modules/CMakeCCompilerABI.c -quiet -dumpdir CMakeFiles/cmTC_a941b.dir/ -dumpbase CMakeCCompilerABI.c.c -dumpbase-ext .c -mtune=generic -march=x86-64 -version -o /tmp/cctPi8He.s]
  ignore line: [GNU C17 (GCC) version 12.2.1 20230201 (x86_64-pc-linux-gnu)]
  ignore line: [	compiled by GNU C version 12.2.1 20230201  GMP version 6.2.1  MPFR version 4.2.0  MPC version 1.3.1  isl version isl-0.25-GMP]
  ignore line: []
  ignore line: [GGC heuristics: --param ggc-min-expand=100 --param ggc-min-heapsize=131072]
  ignore line: [ignoring nonexistent directory "/usr/lib/gcc/x86_64-pc-linux-gnu/12.2.1/../../../../x86_64-pc-linux-gnu/include"]
  ignore line: [#include "..." search starts here:]
  ignore line: [#include <...> search starts here:]
  ignore line: [ /usr/lib/gcc/x86_64-pc-linux-gnu/12.2.1/include]
  ignore line: [ /usr/local/include]
  ignore line: [ /usr/lib/gcc/x86_64-pc-linux-gnu/12.2.1/include-fixed]
  ignore line: [ /usr/include]
  ignore line: [End of search list.]
  ignore line: [GNU C17 (GCC) version 12.2.1 20230201 (x86_64-pc-linux-gnu)]
  ignore line: [	compiled by GNU C version 12.2.1 20230201  GMP version 6.2.1  MPFR version 4.2.0  MPC version 1.3.1  isl version isl-0.25-GMP]
  ignore line: []
  ignore line: [GGC heuristics: --param ggc-min-expand=100 --param ggc-min-heapsize=131072]
  ignore line: [Compiler executable checksum: 99df1fbb4c4d7eeb8d93f0979bfab9ce]
  ignore line: [COLLECT_GCC_OPTIONS='-v' '-o' 'CMakeFiles/cmTC_a941b.dir/CMakeCCompilerABI.c.o' '-c' '-mtune=generic' '-march=x86-64' '-dumpdir' 'CMakeFiles/cmTC_a941b.dir/']
  ignore line: [ as -v --64 -o CMakeFiles/cmTC_a941b.dir/CMakeCCompilerABI.c.o /tmp/cctPi8He.s]
  ignore line: [GNU assembler version 2.40 (x86_64-pc-linux-gnu) using BFD version (GNU Binutils) 2.40]
  ignore line: [COMPILER_PATH=/usr/lib/gcc/x86_64-pc-linux-gnu/12.2.1/:/usr/lib/gcc/x86_64-pc-linux-gnu/12.2.1/:/usr/lib/gcc/x86_64-pc-linux-gnu/:/usr/lib/gcc/x86_64-pc-linux-gnu/12.2.1/:/usr/lib/gcc/x86_64-pc-linux-gnu/]
  ignore line: [LIBRARY_PATH=/usr/lib/gcc/x86_64-pc-linux-gnu/12.2.1/:/usr/lib/gcc/x86_64-pc-linux-gnu/12.2.1/../../../../lib/:/lib/../lib/:/usr/lib/../lib/:/usr/lib/gcc/x86_64-pc-linux-gnu/12.2.1/../../../:/lib/:/usr/lib/]
  ignore line: [COLLECT_GCC_OPTIONS='-v' '-o' 'CMakeFiles/cmTC_a941b.dir/CMakeCCompilerABI.c.o' '-c' '-mtune=generic' '-march=x86-64' '-dumpdir' 'CMakeFiles/cmTC_a941b.dir/CMakeCCompilerABI.c.']
  ignore line: [Linking C executable cmTC_a941b]
  ignore line: [/usr/bin/cmake -E cmake_link_script CMakeFiles/cmTC_a941b.dir/link.txt --verbose=1]
  ignore line: [/usr/bin/cc  -v CMakeFiles/cmTC_a941b.dir/CMakeCCompilerABI.c.o -o cmTC_a941b ]
  ignore line: [Using built-in specs.]
  ignore line: [COLLECT_GCC=/usr/bin/cc]
  ignore line: [COLLECT_LTO_WRAPPER=/usr/lib/gcc/x86_64-pc-linux-gnu/12.2.1/lto-wrapper]
  ignore line: [Target: x86_64-pc-linux-gnu]
  ignore line: [Configured with: /build/gcc/src/gcc/configure --enable-languages=c c++ ada fortran go lto objc obj-c++ d --enable-bootstrap --prefix=/usr --libdir=/usr/lib --libexecdir=/usr/lib --mandir=/usr/share/man --infodir=/usr/share/info --with-bugurl=https://bugs.archlinux.org/ --with-build-config=bootstrap-lto --with-linker-hash-style=gnu --with-system-zlib --enable-__cxa_atexit --enable-cet=auto --enable-checking=release --enable-clocale=gnu --enable-default-pie --enable-default-ssp --enable-gnu-indirect-function --enable-gnu-unique-object --enable-libstdcxx-backtrace --enable-link-serialization=1 --enable-linker-build-id --enable-lto --enable-multilib --enable-plugin --enable-shared --enable-threads=posix --disable-libssp --disable-libstdcxx-pch --disable-werror]
  ignore line: [Thread model: posix]
  ignore line: [Supported LTO compression algorithms: zlib zstd]
  ignore line: [gcc version 12.2.1 20230201 (GCC) ]
  ignore line: [COMPILER_PATH=/usr/lib/gcc/x86_64-pc-linux-gnu/12.2.1/:/usr/lib/gcc/x86_64-pc-linux-gnu/12.2.1/:/usr/lib/gcc/x86_64-pc-linux-gnu/:/usr/lib/gcc/x86_64-pc-linux-gnu/12.2.1/:/usr/lib/gcc/x86_64-pc-linux-gnu/]
  ignore line: [LIBRARY_PATH=/usr/lib/gcc/x86_64-pc-linux-gnu/12.2.1/:/usr/lib/gcc/x86_64-pc-linux-gnu/12.2.1/../../../../lib/:/lib/../lib/:/usr/lib/../lib/:/usr/lib/gcc/x86_64-pc-linux-gnu/12.2.1/../../../:/lib/:/usr/lib/]
  ignore line: [COLLECT_GCC_OPTIONS='-v' '-o' 'cmTC_a941b' '-mtune=generic' '-march=x86-64' '-dumpdir' 'cmTC_a941b.']
  link line: [ /usr/lib/gcc/x86_64-pc-linux-gnu/12.2.1/collect2 -plugin /usr/lib/gcc/x86_64-pc-linux-gnu/12.2.1/liblto_plugin.so -plugin-opt=/usr/lib/gcc/x86_64-pc-linux-gnu/12.2.1/lto-wrapper -plugin-opt=-fresolution=/tmp/ccLhcTZq.res -plugin-opt=-pass-through=-lgcc -plugin-opt=-pass-through=-lgcc_s -plugin-opt=-pass-through=-lc -plugin-opt=-pass-through=-lgcc -plugin-opt=-pass-through=-lgcc_s --build-id --eh-frame-hdr --hash-style=gnu -m elf_x86_64 -dynamic-linker /lib64/ld-linux-x86-64.so.2 -pie -o cmTC_a941b /usr/lib/gcc/x86_64-pc-linux-gnu/12.2.1/../../../../lib/Scrt1.o /usr/lib/gcc/x86_64-pc-linux-gnu/12.2.1/../../../../lib/crti.o /usr/lib/gcc/x86_64-pc-linux-gnu/12.2.1/crtbeginS.o -L/usr/lib/gcc/x86_64-pc-linux-gnu/12.2.1 -L/usr/lib/gcc/x86_64-pc-linux-gnu/12.2.1/../../../../lib -L/lib/../lib -L/usr/lib/../lib -L/usr/lib/gcc/x86_64-pc-linux-gnu/12.2.1/../../.. CMakeFiles/cmTC_a941b.dir/CMakeCCompilerABI.c.o -lgcc --push-state --as-needed -lgcc_s --pop-state -lc -lgcc --push-state --as-needed -lgcc_s --pop-state /usr/lib/gcc/x86_64-pc-linux-gnu/12.2.1/crtendS.o /usr/lib/gcc/x86_64-pc-linux-gnu/12.2.1/../../../../lib/crtn.o]
    arg [/usr/lib/gcc/x86_64-pc-linux-gnu/12.2.1/collect2] ==> ignore
    arg [-plugin] ==> ignore
    arg [/usr/lib/gcc/x86_64-pc-linux-gnu/12.2.1/liblto_plugin.so] ==> ignore
    arg [-plugin-opt=/usr/lib/gcc/x86_64-pc-linux-gnu/12.2.1/lto-wrapper] ==> ignore
    arg [-plugin-opt=-fresolution=/tmp/ccLhcTZq.res] ==> ignore
    arg [-plugin-opt=-pass-through=-lgcc] ==> ignore
    arg [-plugin-opt=-pass-through=-lgcc_s] ==> ignore
    arg [-plugin-opt=-pass-through=-lc] ==> ignore
    arg [-plugin-opt=-pass-through=-lgcc] ==> ignore
    arg [-plugin-opt=-pass-through=-lgcc_s] ==> ignore
    arg [--build-id] ==> ignore
    arg [--eh-frame-hdr] ==> ignore
    arg [--hash-style=gnu] ==> ignore
    arg [-m] ==> ignore
    arg [elf_x86_64] ==> ignore
    arg [-dynamic-linker] ==> ignore
    arg [/lib64/ld-linux-x86-64.so.2] ==> ignore
    arg [-pie] ==> ignore
    arg [-o] ==> ignore
    arg [cmTC_a941b] ==> ignore
    arg [/usr/lib/gcc/x86_64-pc-linux-gnu/12.2.1/../../../../lib/Scrt1.o] ==> obj [/usr/lib/gcc/x86_64-pc-linux-gnu/12.2.1/../../../../lib/Scrt1.o]
    arg [/usr/lib/gcc/x86_64-pc-linux-gnu/12.2.1/../../../../lib/crti.o] ==> obj [/usr/lib/gcc/x86_64-pc-linux-gnu/12.2.1/../../../../lib/crti.o]
    arg [/usr/lib/gcc/x86_64-pc-linux-gnu/12.2.1/crtbeginS.o] ==> obj [/usr/lib/gcc/x86_64-pc-linux-gnu/12.2.1/crtbeginS.o]
    arg [-L/usr/lib/gcc/x86_64-pc-linux-gnu/12.2.1] ==> dir [/usr/lib/gcc/x86_64-pc-linux-gnu/12.2.1]
    arg [-L/usr/lib/gcc/x86_64-pc-linux-gnu/12.2.1/../../../../lib] ==> dir [/usr/lib/gcc/x86_64-pc-linux-gnu/12.2.1/../../../../lib]
    arg [-L/lib/../lib] ==> dir [/lib/../lib]
    arg [-L/usr/lib/../lib] ==> dir [/usr/lib/../lib]
    arg [-L/usr/lib/gcc/x86_64-pc-linux-gnu/12.2.1/../../..] ==> dir [/usr/lib/gcc/x86_64-pc-linux-gnu/12.2.1/../../..]
    arg [CMakeFiles/cmTC_a941b.dir/CMakeCCompilerABI.c.o] ==> ignore
    arg [-lgcc] ==> lib [gcc]
    arg [--push-state] ==> ignore
    arg [--as-needed] ==> ignore
    arg [-lgcc_s] ==> lib [gcc_s]
    arg [--pop-state] ==> ignore
    arg [-lc] ==> lib [c]
    arg [-lgcc] ==> lib [gcc]
    arg [--push-state] ==> ignore
    arg [--as-needed] ==> ignore
    arg [-lgcc_s] ==> lib [gcc_s]
    arg [--pop-state] ==> ignore
    arg [/usr/lib/gcc/x86_64-pc-linux-gnu/12.2.1/crtendS.o] ==> obj [/usr/lib/gcc/x86_64-pc-linux-gnu/12.2.1/crtendS.o]
    arg [/usr/lib/gcc/x86_64-pc-linux-gnu/12.2.1/../../../../lib/crtn.o] ==> obj [/usr/lib/gcc/x86_64-pc-linux-gnu/12.2.1/../../../../lib/crtn.o]
  collapse obj [/usr/lib/gcc/x86_64-pc-linux-gnu/12.2.1/../../../../lib/Scrt1.o] ==> [/usr/lib/Scrt1.o]
  collapse obj [/usr/lib/gcc/x86_64-pc-linux-gnu/12.2.1/../../../../lib/crti.o] ==> [/usr/lib/crti.o]
  collapse obj [/usr/lib/gcc/x86_64-pc-linux-gnu/12.2.1/../../../../lib/crtn.o] ==> [/usr/lib/crtn.o]
  collapse library dir [/usr/lib/gcc/x86_64-pc-linux-gnu/12.2.1] ==> [/usr/lib/gcc/x86_64-pc-linux-gnu/12.2.1]
  collapse library dir [/usr/lib/gcc/x86_64-pc-linux-gnu/12.2.1/../../../../lib] ==> [/usr/lib]
  collapse library dir [/lib/../lib] ==> [/lib]
  collapse library dir [/usr/lib/../lib] ==> [/usr/lib]
  collapse library dir [/usr/lib/gcc/x86_64-pc-linux-gnu/12.2.1/../../..] ==> [/usr/lib]
  implicit libs: [gcc;gcc_s;c;gcc;gcc_s]
  implicit objs: [/usr/lib/Scrt1.o;/usr/lib/crti.o;/usr/lib/gcc/x86_64-pc-linux-gnu/12.2.1/crtbeginS.o;/usr/lib/gcc/x86_64-pc-linux-gnu/12.2.1/crtendS.o;/usr/lib/crtn.o]
  implicit dirs: [/usr/lib/gcc/x86_64-pc-linux-gnu/12.2.1;/usr/lib;/lib]
  implicit fwks: []


Detecting CXX compiler ABI info compiled with the following output:
Change Dir: /home/garrett/git/opengl-text-editor/build/CMakeFiles/CMakeScratch/TryCompile-nAvMxV

Run Build Command(s):/usr/bin/make -f Makefile cmTC_d95fc/fast && /usr/bin/make  -f CMakeFiles/cmTC_d95fc.dir/build.make CMakeFiles/cmTC_d95fc.dir/build
make[1]: Entering directory '/home/garrett/git/opengl-text-editor/build/CMakeFiles/CMakeScratch/TryCompile-nAvMxV'
Building CXX object CMakeFiles/cmTC_d95fc.dir/CMakeCXXCompilerABI.cpp.o
/usr/bin/c++   -v -o CMakeFiles/cmTC_d95fc.dir/CMakeCXXCompilerABI.cpp.o -c /usr/share/cmake/Modules/CMakeCXXCompilerABI.cpp
Using built-in specs.
COLLECT_GCC=/usr/bin/c++
Target: x86_64-pc-linux-gnu
Configured with: /build/gcc/src/gcc/configure --enable-languages=c,c++,ada,fortran,go,lto,objc,obj-c++,d --enable-bootstrap --prefix=/usr --libdir=/usr/lib --libexecdir=/usr/lib --mandir=/usr/share/man --infodir=/usr/share/info --with-bugurl=https://bugs.archlinux.org/ --with-build-config=bootstrap-lto --with-linker-hash-style=gnu --with-system-zlib --enable-__cxa_atexit --enable-cet=auto --enable-checking=release --enable-clocale=gnu --enable-default-pie --enable-default-ssp --enable-gnu-indirect-function --enable-gnu-unique-object --enable-libstdcxx-backtrace --enable-link-serialization=1 --enable-linker-build-id --enable-lto --enable-multilib --enable-plugin --enable-shared --enable-threads=posix --disable-libssp --disable-libstdcxx-pch --disable-werror
Thread model: posix
Supported LTO compression algorithms: zlib zstd
gcc version 12.2.1 20230201 (GCC) 
COLLECT_GCC_OPTIONS='-v' '-o' 'CMakeFiles/cmTC_d95fc.dir/CMakeCXXCompilerABI.cpp.o' '-c' '-shared-libgcc' '-mtune=generic' '-march=x86-64' '-dumpdir' 'CMakeFiles/cmTC_d95fc.dir/'
 /usr/lib/gcc/x86_64-pc-linux-gnu/12.2.1/cc1plus -quiet -v -D_GNU_SOURCE /usr/share/cmake/Modules/CMakeCXXCompilerABI.cpp -quiet -dumpdir CMakeFiles/cmTC_d95fc.dir/ -dumpbase CMakeCXXCompilerABI.cpp.cpp -dumpbase-ext .cpp -mtune=generic -march=x86-64 -version -o /tmp/ccbufyci.s
GNU C++17 (GCC) version 12.2.1 20230201 (x86_64-pc-linux-gnu)
	compiled by GNU C version 12.2.1 20230201, GMP version 6.2.1, MPFR version 4.2.0, MPC version 1.3.1, isl version isl-0.25-GMP

GGC heuristics: --param ggc-min-expand=100 --param ggc-min-heapsize=131072
ignoring nonexistent directory "/usr/lib/gcc/x86_64-pc-linux-gnu/12.2.1/../../../../x86_64-pc-linux-gnu/include"
#include "..." search starts here:
#include <...> search starts here:
 /usr/lib/gcc/x86_64-pc-linux-gnu/12.2.1/../../../../include/c++/12.2.1
 /usr/lib/gcc/x86_64-pc-linux-gnu/12.2.1/../../../../include/c++/12.2.1/x86_64-pc-linux-gnu
 /usr/lib/gcc/x86_64-pc-linux-gnu/12.2.1/../../../../include/c++/12.2.1/backward
 /usr/lib/gcc/x86_64-pc-linux-gnu/12.2.1/include
 /usr/local/include
 /usr/lib/gcc/x86_64-pc-linux-gnu/12.2.1/include-fixed
 /usr/include
End of search list.
GNU C++17 (GCC) version 12.2.1 20230201 (x86_64-pc-linux-gnu)
	compiled by GNU C version 12.2.1 20230201, GMP version 6.2.1, MPFR version 4.2.0, MPC version 1.3.1, isl version isl-0.25-GMP

GGC heuristics: --param ggc-min-expand=100 --param ggc-min-heapsize=131072
Compiler executable checksum: ab2adc4aa87e9c5b6e6cb24c55e663d5
COLLECT_GCC_OPTIONS='-v' '-o' 'CMakeFiles/cmTC_d95fc.dir/CMakeCXXCompilerABI.cpp.o' '-c' '-shared-libgcc' '-mtune=generic' '-march=x86-64' '-dumpdir' 'CMakeFiles/cmTC_d95fc.dir/'
 as -v --64 -o CMakeFiles/cmTC_d95fc.dir/CMakeCXXCompilerABI.cpp.o /tmp/ccbufyci.s
GNU assembler version 2.40 (x86_64-pc-linux-gnu) using BFD version (GNU Binutils) 2.40
COMPILER_PATH=/usr/lib/gcc/x86_64-pc-linux-gnu/12.2.1/:/usr/lib/gcc/x86_64-pc-linux-gnu/12.2.1/:/usr/lib/gcc/x86_64-pc-linux-gnu/:/usr/lib/gcc/x86_64-pc-linux-gnu/12.2.1/:/usr/lib/gcc/x86_64-pc-linux-gnu/
LIBRARY_PATH=/usr/lib/gcc/x86_64-pc-linux-gnu/12.2.1/:/usr/lib/gcc/x86_64-pc-linux-gnu/12.2.1/../../../../lib/:/lib/../lib/:/usr/lib/../lib/:/usr/lib/gcc/x86_64-pc-linux-gnu/12.2.1/../../../:/lib/:/usr/lib/
COLLECT_GCC_OPTIONS='-v' '-o' 'CMakeFiles/cmTC_d95fc.dir/CMakeCXXCompilerABI.cpp.o' '-c' '-shared-libgcc' '-mtune=generic' '-march=x86-64' '-dumpdir' 'CMakeFiles/cmTC_d95fc.dir/CMakeCXXCompilerABI.cpp.'
Linking CXX executable cmTC_d95fc
/usr/bin/cmake -E cmake_link_script CMakeFiles/cmTC_d95fc.dir/link.txt --verbose=1
/usr/bin/c++  -v CMakeFiles/cmTC_d95fc.dir/CMakeCXXCompilerABI.cpp.o -o cmTC_d95fc 
Using built-in specs.
COLLECT_GCC=/usr/bin/c++
COLLECT_LTO_WRAPPER=/usr/lib/gcc/x86_64-pc-linux-gnu/12.2.1/lto-wrapper
Target: x86_64-pc-linux-gnu
Configured with: /build/gcc/src/gcc/configure --enable-languages=c,c++,ada,fortran,go,lto,objc,obj-c++,d --enable-bootstrap --prefix=/usr --libdir=/usr/lib --libexecdir=/usr/lib --mandir=/usr/share/man --infodir=/usr/share/info --with-bugurl=https://bugs.archlinux.org/ --with-build-config=bootstrap-lto --with-linker-hash-style=gnu --with-system-zlib --enable-__cxa_atexit --enable-cet=auto --enable-checking=release --enable-clocale=gnu --enable-default-pie --enable-default-ssp --enable-gnu-indirect-function --enable-gnu-unique-object --enable-libstdcxx-backtrace --enable-link-serialization=1 --enable-linker-build-id --enable-lto --enable-multilib --enable-plugin --enable-shared --enable-threads=posix --disable-libssp --disable-libstdcxx-pch --disable-werror
Thread model: posix
Supported LTO compression algorithms: zlib zstd
gcc version 12.2.1 20230201 (GCC) 
COMPILER_PATH=/usr/lib/gcc/x86_64-pc-linux-gnu/12.2.1/:/usr/lib/gcc/x86_64-pc-linux-gnu/12.2.1/:/usr/lib/gcc/x86_64-pc-linux-gnu/:/usr/lib/gcc/x86_64-pc-linux-gnu/12.2.1/:/usr/lib/gcc/x86_64-pc-linux-gnu/
LIBRARY_PATH=/usr/lib/gcc/x86_64-pc-linux-gnu/12.2.1/:/usr/lib/gcc/x86_64-pc-linux-gnu/12.2.1/../../../../lib/:/lib/../lib/:/usr/lib/../lib/:/usr/lib/gcc/x86_64-pc-linux-gnu/12.2.1/../../../:/lib/:/usr/lib/
COLLECT_GCC_OPTIONS='-v' '-o' 'cmTC_d95fc' '-shared-libgcc' '-mtune=generic' '-march=x86-64' '-dumpdir' 'cmTC_d95fc.'
 /usr/lib/gcc/x86_64-pc-linux-gnu/12.2.1/collect2 -plugin /usr/lib/gcc/x86_64-pc-linux-gnu/12.2.1/liblto_plugin.so -plugin-opt=/usr/lib/gcc/x86_64-pc-linux-gnu/12.2.1/lto-wrapper -plugin-opt=-fresolution=/tmp/ccw1niHr.res -plugin-opt=-pass-through=-lgcc_s -plugin-opt=-pass-through=-lgcc -plugin-opt=-pass-through=-lc -plugin-opt=-pass-through=-lgcc_s -plugin-opt=-pass-through=-lgcc --build-id --eh-frame-hdr --hash-style=gnu -m elf_x86_64 -dynamic-linker /lib64/ld-linux-x86-64.so.2 -pie -o cmTC_d95fc /usr/lib/gcc/x86_64-pc-linux-gnu/12.2.1/../../../../lib/Scrt1.o /usr/lib/gcc/x86_64-pc-linux-gnu/12.2.1/../../../../lib/crti.o /usr/lib/gcc/x86_64-pc-linux-gnu/12.2.1/crtbeginS.o -L/usr/lib/gcc/x86_64-pc-linux-gnu/12.2.1 -L/usr/lib/gcc/x86_64-pc-linux-gnu/12.2.1/../../../../lib -L/lib/../lib -L/usr/lib/../lib -L/usr/lib/gcc/x86_64-pc-linux-gnu/12.2.1/../../.. CMakeFiles/cmTC_d95fc.dir/CMakeCXXCompilerABI.cpp.o -lstdc++ -lm -lgcc_s -lgcc -lc -lgcc_s -lgcc /usr/lib/gcc/x86_64-pc-linux-gnu/12.2.1/crtendS.o /usr/lib/gcc/x86_64-pc-linux-gnu/12.2.1/../../../../lib/crtn.o
COLLECT_GCC_OPTIONS='-v' '-o' 'cmTC_d95fc' '-shared-libgcc' '-mtune=generic' '-march=x86-64' '-dumpdir' 'cmTC_d95fc.'
make[1]: Leaving directory '/home/garrett/git/opengl-text-editor/build/CMakeFiles/CMakeScratch/TryCompile-nAvMxV'



Parsed CXX implicit include dir info from above output: rv=done
  found start of include info
  found start of implicit include info
    add: [/usr/lib/gcc/x86_64-pc-linux-gnu/12.2.1/../../../../include/c++/12.2.1]
    add: [/usr/lib/gcc/x86_64-pc-linux-gnu/12.2.1/../../../../include/c++/12.2.1/x86_64-pc-linux-gnu]
    add: [/usr/lib/gcc/x86_64-pc-linux-gnu/12.2.1/../../../../include/c++/12.2.1/backward]
    add: [/usr/lib/gcc/x86_64-pc-linux-gnu/12.2.1/include]
    add: [/usr/local/include]
    add: [/usr/lib/gcc/x86_64-pc-linux-gnu/12.2.1/include-fixed]
    add: [/usr/include]
  end of search list found
  collapse include dir [/usr/lib/gcc/x86_64-pc-linux-gnu/12.2.1/../../../../include/c++/12.2.1] ==> [/usr/include/c++/12.2.1]
  collapse include dir [/usr/lib/gcc/x86_64-pc-linux-gnu/12.2.1/../../../../include/c++/12.2.1/x86_64-pc-linux-gnu] ==> [/usr/include/c++/12.2.1/x86_64-pc-linux-gnu]
  collapse include dir [/usr/lib/gcc/x86_64-pc-linux-gnu/12.2.1/../../../../include/c++/12.2.1/backward] ==> [/usr/include/c++/12.2.1/backward]
  collapse include dir [/usr/lib/gcc/x86_64-pc-linux-gnu/12.2.1/include] ==> [/usr/lib/gcc/x86_64-pc-linux-gnu/12.2.1/include]
  collapse include dir [/usr/local/include] ==> [/usr/local/include]
  collapse include dir [/usr/lib/gcc/x86_64-pc-linux-gnu/12.2.1/include-fixed] ==> [/usr/lib/gcc/x86_64-pc-linux-gnu/12.2.1/include-fixed]
  collapse include dir [/usr/include] ==> [/usr/include]
  implicit include dirs: [/usr/include/c++/12.2.1;/usr/include/c++/12.2.1/x86_64-pc-linux-gnu;/usr/include/c++/12.2.1/backward;/usr/lib/gcc/x86_64-pc-linux-gnu/12.2.1/include;/usr/local/include;/usr/lib/gcc/x86_64-pc-linux-gnu/12.2.1/include-fixed;/usr/include]


Parsed CXX implicit link information from above output:
  link line regex: [^( *|.*[/\])(ld|CMAKE_LINK_STARTFILE-NOTFOUND|([^/\]+-)?ld|collect2)[^/\]*( |$)]
  ignore line: [Change Dir: /home/garrett/git/opengl-text-editor/build/CMakeFiles/CMakeScratch/TryCompile-nAvMxV]
  ignore line: []
  ignore line: [Run Build Command(s):/usr/bin/make -f Makefile cmTC_d95fc/fast && /usr/bin/make  -f CMakeFiles/cmTC_d95fc.dir/build.make CMakeFiles/cmTC_d95fc.dir/build]
  ignore line: [make[1]: Entering directory '/home/garrett/git/opengl-text-editor/build/CMakeFiles/CMakeScratch/TryCompile-nAvMxV']
  ignore line: [Building CXX object CMakeFiles/cmTC_d95fc.dir/CMakeCXXCompilerABI.cpp.o]
  ignore line: [/usr/bin/c++   -v -o CMakeFiles/cmTC_d95fc.dir/CMakeCXXCompilerABI.cpp.o -c /usr/share/cmake/Modules/CMakeCXXCompilerABI.cpp]
  ignore line: [Using built-in specs.]
  ignore line: [COLLECT_GCC=/usr/bin/c++]
  ignore line: [Target: x86_64-pc-linux-gnu]
  ignore line: [Configured with: /build/gcc/src/gcc/configure --enable-languages=c c++ ada fortran go lto objc obj-c++ d --enable-bootstrap --prefix=/usr --libdir=/usr/lib --libexecdir=/usr/lib --mandir=/usr/share/man --infodir=/usr/share/info --with-bugurl=https://bugs.archlinux.org/ --with-build-config=bootstrap-lto --with-linker-hash-style=gnu --with-system-zlib --enable-__cxa_atexit --enable-cet=auto --enable-checking=release --enable-clocale=gnu --enable-default-pie --enable-default-ssp --enable-gnu-indirect-function --enable-gnu-unique-object --enable-libstdcxx-backtrace --enable-link-serialization=1 --enable-linker-build-id --enable-lto --enable-multilib --enable-plugin --enable-shared --enable-threads=posix --disable-libssp --disable-libstdcxx-pch --disable-werror]
  ignore line: [Thread model: posix]
  ignore line: [Supported LTO compression algorithms: zlib zstd]
  ignore line: [gcc version 12.2.1 20230201 (GCC) ]
  ignore line: [COLLECT_GCC_OPTIONS='-v' '-o' 'CMakeFiles/cmTC_d95fc.dir/CMakeCXXCompilerABI.cpp.o' '-c' '-shared-libgcc' '-mtune=generic' '-march=x86-64' '-dumpdir' 'CMakeFiles/cmTC_d95fc.dir/']
  ignore line: [ /usr/lib/gcc/x86_64-pc-linux-gnu/12.2.1/cc1plus -quiet -v -D_GNU_SOURCE /usr/share/cmake/Modules/CMakeCXXCompilerABI.cpp -quiet -dumpdir CMakeFiles/cmTC_d95fc.dir/ -dumpbase CMakeCXXCompilerABI.cpp.cpp -dumpbase-ext .cpp -mtune=generic -march=x86-64 -version -o /tmp/ccbufyci.s]
  ignore line: [GNU C++17 (GCC) version 12.2.1 20230201 (x86_64-pc-linux-gnu)]
  ignore line: [	compiled by GNU C version 12.2.1 20230201  GMP version 6.2.1  MPFR version 4.2.0  MPC version 1.3.1  isl version isl-0.25-GMP]
  ignore line: []
  ignore line: [GGC heuristics: --param ggc-min-expand=100 --param ggc-min-heapsize=131072]
  ignore line: [ignoring nonexistent directory "/usr/lib/gcc/x86_64-pc-linux-gnu/12.2.1/../../../../x86_64-pc-linux-gnu/include"]
  ignore line: [#include "..." search starts here:]
  ignore line: [#include <...> search starts here:]
  ignore line: [ /usr/lib/gcc/x86_64-pc-linux-gnu/12.2.1/../../../../include/c++/12.2.1]
  ignore line: [ /usr/lib/gcc/x86_64-pc-linux-gnu/12.2.1/../../../../include/c++/12.2.1/x86_64-pc-linux-gnu]
  ignore line: [ /usr/lib/gcc/x86_64-pc-linux-gnu/12.2.1/../../../../include/c++/12.2.1/backward]
  ignore line: [ /usr/lib/gcc/x86_64-pc-linux-gnu/12.2.1/include]
  ignore line: [ /usr/local/include]
  ignore line: [ /usr/lib/gcc/x86_64-pc-linux-gnu/12.2.1/include-fixed]
  ignore line: [ /usr/include]
  ignore line: [End of search list.]
  ignore line: [GNU C++17 (GCC) version 12.2.1 20230201 (x86_64-pc-linux-gnu)]
  ignore line: [	compiled by GNU C version 12.2.1 20230201  GMP version 6.2.1  MPFR version 4.2.0  MPC version 1.3.1  isl version isl-0.25-GMP]
  ignore line: []
  ignore line: [GGC heuristics: --param ggc-min-expand=100 --param ggc-min-heapsize=131072]
  ignore line: [Compiler executable checksum: ab2adc4aa87e9c5b6e6cb24c55e663d5]
  ignore line: [COLLECT_GCC_OPTIONS='-v' '-o' 'CMakeFiles/cmTC_d95fc.dir/CMakeCXXCompilerABI.cpp.o' '-c' '-shared-libgcc' '-mtune=generic' '-march=x86-64' '-dumpdir' 'CMakeFiles/cmTC_d95fc.dir/']
  ignore line: [ as -v --64 -o CMakeFiles/cmTC_d95fc.dir/CMakeCXXCompilerABI.cpp.o /tmp/ccbufyci.s]
  ignore line: [GNU assembler version 2.40 (x86_64-pc-linux-gnu) using BFD version (GNU Binutils) 2.40]
  ignore line: [COMPILER_PATH=/usr/lib/gcc/x86_64-pc-linux-gnu/12.2.1/:/usr/lib/gcc/x86_64-pc-linux-gnu/12.2.1/:/usr/lib/gcc/x86_64-pc-linux-gnu/:/usr/lib/gcc/x86_64-pc-linux-gnu/12.2.1/:/usr/lib/gcc/x86_64-pc-linux-gnu/]
  ignore line: [LIBRARY_PATH=/usr/lib/gcc/x86_64-pc-linux-gnu/12.2.1/:/usr/lib/gcc/x86_64-pc-linux-gnu/12.2.1/../../../../lib/:/lib/../lib/:/usr/lib/../lib/:/usr/lib/gcc/x86_64-pc-linux-gnu/12.2.1/../../../:/lib/:/usr/lib/]
  ignore line: [COLLECT_GCC_OPTIONS='-v' '-o' 'CMakeFiles/cmTC_d95fc.dir/CMakeCXXCompilerABI.cpp.o' '-c' '-shared-libgcc' '-mtune=generic' '-march=x86-64' '-dumpdir' 'CMakeFiles/cmTC_d95fc.dir/CMakeCXXCompilerABI.cpp.']
  ignore line: [Linking CXX executable cmTC_d95fc]
  ignore line: [/usr/bin/cmake -E cmake_link_script CMakeFiles/cmTC_d95fc.dir/link.txt --verbose=1]
  ignore line: [/usr/bin/c++  -v CMakeFiles/cmTC_d95fc.dir/CMakeCXXCompilerABI.cpp.o -o cmTC_d95fc ]
  ignore line: [Using built-in specs.]
  ignore line: [COLLECT_GCC=/usr/bin/c++]
  ignore line: [COLLECT_LTO_WRAPPER=/usr/lib/gcc/x86_64-pc-linux-gnu/12.2.1/lto-wrapper]
  ignore line: [Target: x86_64-pc-linux-gnu]
  ignore line: [Configured with: /build/gcc/src/gcc/configure --enable-languages=c c++ ada fortran go lto objc obj-c++ d --enable-bootstrap --prefix=/usr --libdir=/usr/lib --libexecdir=/usr/lib --mandir=/usr/share/man --infodir=/usr/share/info --with-bugurl=https://bugs.archlinux.org/ --with-build-config=bootstrap-lto --with-linker-hash-style=gnu --with-system-zlib --enable-__cxa_atexit --enable-cet=auto --enable-checking=release --enable-clocale=gnu --enable-default-pie --enable-default-ssp --enable-gnu-indirect-function --enable-gnu-unique-object --enable-libstdcxx-backtrace --enable-link-serialization=1 --enable-linker-build-id --enable-lto --enable-multilib --enable-plugin --enable-shared --enable-threads=posix --disable-libssp --disable-libstdcxx-pch --disable-werror]
  ignore line: [Thread model: posix]
  ignore line: [Supported LTO compression algorithms: zlib zstd]
  ignore line: [gcc version 12.2.1 20230201 (GCC) ]
  ignore line: [COMPILER_PATH=/usr/lib/gcc/x86_64-pc-linux-gnu/12.2.1/:/usr/lib/gcc/x86_64-pc-linux-gnu/12.2.1/:/usr/lib/gcc/x86_64-pc-linux-gnu/:/usr/lib/gcc/x86_64-pc-linux-gnu/12.2.1/:/usr/lib/gcc/x86_64-pc-linux-gnu/]
  ignore line: [LIBRARY_PATH=/usr/lib/gcc/x86_64-pc-linux-gnu/12.2.1/:/usr/lib/gcc/x86_64-pc-linux-gnu/12.2.1/../../../../lib/:/lib/../lib/:/usr/lib/../lib/:/usr/lib/gcc/x86_64-pc-linux-gnu/12.2.1/../../../:/lib/:/usr/lib/]
  ignore line: [COLLECT_GCC_OPTIONS='-v' '-o' 'cmTC_d95fc' '-shared-libgcc' '-mtune=generic' '-march=x86-64' '-dumpdir' 'cmTC_d95fc.']
  link line: [ /usr/lib/gcc/x86_64-pc-linux-gnu/12.2.1/collect2 -plugin /usr/lib/gcc/x86_64-pc-linux-gnu/12.2.1/liblto_plugin.so -plugin-opt=/usr/lib/gcc/x86_64-pc-linux-gnu/12.2.1/lto-wrapper -plugin-opt=-fresolution=/tmp/ccw1niHr.res -plugin-opt=-pass-through=-lgcc_s -plugin-opt=-pass-through=-lgcc -plugin-opt=-pass-through=-lc -plugin-opt=-pass-through=-lgcc_s -plugin-opt=-pass-through=-lgcc --build-id --eh-frame-hdr --hash-style=gnu -m elf_x86_64 -dynamic-linker /lib64/ld-linux-x86-64.so.2 -pie -o cmTC_d95fc /usr/lib/gcc/x86_64-pc-linux-gnu/12.2.1/../../../../lib/Scrt1.o /usr/lib/gcc/x86_64-pc-linux-gnu/12.2.1/../../../../lib/crti.o /usr/lib/gcc/x86_64-pc-linux-gnu/12.2.1/crtbeginS.o -L/usr/lib/gcc/x86_64-pc-linux-gnu/12.2.1 -L/usr/lib/gcc/x86_64-pc-linux-gnu/12.2.1/../../../../lib -L/lib/../lib -L/usr/lib/../lib -L/usr/lib/gcc/x86_64-pc-linux-gnu/12.2.1/../../.. CMakeFiles/cmTC_d95fc.dir/CMakeCXXCompilerABI.cpp.o -lstdc++ -lm -lgcc_s -lgcc -lc -lgcc_s -lgcc /usr/lib/gcc/x86_64-pc-linux-gnu/12.2.1/crtendS.o /usr/lib/gcc/x86_64-pc-linux-gnu/12.2.1/../../../../lib/crtn.o]
    arg [/usr/lib/gcc/x86_64-pc-linux-gnu/12.2.1/collect2] ==> ignore
    arg [-plugin] ==> ignore
    arg [/usr/lib/gcc/x86_64-pc-linux-gnu/12.2.1/liblto_plugin.so] ==> ignore
    arg [-plugin-opt=/usr/lib/gcc/x86_64-pc-linux-gnu/12.2.1/lto-wrapper] ==> ignore
    arg [-plugin-opt=-fresolution=/tmp/ccw1niHr.res] ==> ignore
    arg [-plugin-opt=-pass-through=-lgcc_s] ==> ignore
    arg [-plugin-opt=-pass-through=-lgcc] ==> ignore
    arg [-plugin-opt=-pass-through=-lc] ==> ignore
    arg [-plugin-opt=-pass-through=-lgcc_s] ==> ignore
    arg [-plugin-opt=-pass-through=-lgcc] ==> ignore
    arg [--build-id] ==> ignore
    arg [--eh-frame-hdr] ==> ignore
    arg [--hash-style=gnu] ==> ignore
    arg [-m] ==> ignore
    arg [elf_x86_64] ==> ignore
    arg [-dynamic-linker] ==> ignore
    arg [/lib64/ld-linux-x86-64.so.2] ==> ignore
    arg [-pie] ==> ignore
    arg [-o] ==> ignore
    arg [cmTC_d95fc] ==> ignore
    arg [/usr/lib/gcc/x86_64-pc-linux-gnu/12.2.1/../../../../lib/Scrt1.o] ==> obj [/usr/lib/gcc/x86_64-pc-linux-gnu/12.2.1/../../../../lib/Scrt1.o]
    arg [/usr/lib/gcc/x86_64-pc-linux-gnu/12.2.1/../../../../lib/crti.o] ==> obj [/usr/lib/gcc/x86_64-pc-linux-gnu/12.2.1/../../../../lib/crti.o]
    arg [/usr/lib/gcc/x86_64-pc-linux-gnu/12.2.1/crtbeginS.o] ==> obj [/usr/lib/gcc/x86_64-pc-linux-gnu/12.2.1/crtbeginS.o]
    arg [-L/usr/lib/gcc/x86_64-pc-linux-gnu/12.2.1] ==> dir [/usr/lib/gcc/x86_64-pc-linux-gnu/12.2.1]
    arg [-L/usr/lib/gcc/x86_64-pc-linux-gnu/12.2.1/../../../../lib] ==> dir [/usr/lib/gcc/x86_64-pc-linux-gnu/12.2.1/../../../../lib]
    arg [-L/lib/../lib] ==> dir [/lib/../lib]
    arg [-L/usr/lib/../lib] ==> dir [/usr/lib/../lib]
    arg [-L/usr/lib/gcc/x86_64-pc-linux-gnu/12.2.1/../../..] ==> dir [/usr/lib/gcc/x86_64-pc-linux-gnu/12.2.1/../../..]
    arg [CMakeFiles/cmTC_d95fc.dir/CMakeCXXCompilerABI.cpp.o] ==> ignore
    arg [-lstdc++] ==> lib [stdc++]
    arg [-lm] ==> lib [m]
    arg [-lgcc_s] ==> lib [gcc_s]
    arg [-lgcc] ==> lib [gcc]
    arg [-lc] ==> lib [c]
    arg [-lgcc_s] ==> lib [gcc_s]
    arg [-lgcc] ==> lib [gcc]
    arg [/usr/lib/gcc/x86_64-pc-linux-gnu/12.2.1/crtendS.o] ==> obj [/usr/lib/gcc/x86_64-pc-linux-gnu/12.2.1/crtendS.o]
    arg [/usr/lib/gcc/x86_64-pc-linux-gnu/12.2.1/../../../../lib/crtn.o] ==> obj [/usr/lib/gcc/x86_64-pc-linux-gnu/12.2.1/../../../../lib/crtn.o]
  collapse obj [/usr/lib/gcc/x86_64-pc-linux-gnu/12.2.1/../../../../lib/Scrt1.o] ==> [/usr/lib/Scrt1.o]
  collapse obj [/usr/lib/gcc/x86_64-pc-linux-gnu/12.2.1/../../../../lib/crti.o] ==> [/usr/lib/crti.o]
  collapse obj [/usr/lib/gcc/x86_64-pc-linux-gnu/12.2.1/../../../../lib/crtn.o] ==> [/usr/lib/crtn.o]
  collapse library dir [/usr/lib/gcc/x86_64-pc-linux-gnu/12.2.1] ==> [/usr/lib/gcc/x86_64-pc-linux-gnu/12.2.1]
  collapse library dir [/usr/lib/gcc/x86_64-pc-linux-gnu/12.2.1/../../../../lib] ==> [/usr/lib]
  collapse library dir [/lib/../lib] ==> [/lib]
  collapse library dir [/usr/lib/../lib] ==> [/usr/lib]
  collapse library dir [/usr/lib/gcc/x86_64-pc-linux-gnu/12.2.1/../../..] ==> [/usr/lib]
  implicit libs: [stdc++;m;gcc_s;gcc;c;gcc_s;gcc]
  implicit objs: [/usr/lib/Scrt1.o;/usr/lib/crti.o;/usr/lib/gcc/x86_64-pc-linux-gnu/12.2.1/crtbeginS.o;/usr/lib/gcc/x86_64-pc-linux-gnu/12.2.1/crtendS.o;/usr/lib/crtn.o]
  implicit dirs: [/usr/lib/gcc/x86_64-pc-linux-gnu/12.2.1;/usr/lib;/lib]
  implicit fwks: []


Performing C SOURCE FILE Test CMAKE_HAVE_LIBC_PTHREAD succeeded with the following output:
Change Dir: /home/garrett/git/opengl-text-editor/build/CMakeFiles/CMakeScratch/TryCompile-HBtXgu

Run Build Command(s):/usr/bin/make -f Makefile cmTC_1cc7a/fast && /usr/bin/make  -f CMakeFiles/cmTC_1cc7a.dir/build.make CMakeFiles/cmTC_1cc7a.dir/build
make[1]: Entering directory '/home/garrett/git/opengl-text-editor/build/CMakeFiles/CMakeScratch/TryCompile-HBtXgu'
Building C object CMakeFiles/cmTC_1cc7a.dir/src.c.o
/usr/bin/cc -DCMAKE_HAVE_LIBC_PTHREAD   -o CMakeFiles/cmTC_1cc7a.dir/src.c.o -c /home/garrett/git/opengl-text-editor/build/CMakeFiles/CMakeScratch/TryCompile-HBtXgu/src.c
Linking C executable cmTC_1cc7a
/usr/bin/cmake -E cmake_link_script CMakeFiles/cmTC_1cc7a.dir/link.txt --verbose=1
/usr/bin/cc CMakeFiles/cmTC_1cc7a.dir/src.c.o -o cmTC_1cc7a 
make[1]: Leaving directory '/home/garrett/git/opengl-text-editor/build/CMakeFiles/CMakeScratch/TryCompile-HBtXgu'


Source file was:
#include <pthread.h>

static void* test_func(void* data)
{
  return data;
}

int main(void)
{
  pthread_t thread;
  pthread_create(&thread, NULL, test_func, NULL);
  pthread_detach(thread);
  pthread_cancel(thread);
  pthread_join(thread, NULL);
  pthread_atfork(NULL, NULL, NULL);
  pthread_exit(NULL);

  return 0;
}


Determining if the function XOpenDisplay exists in the /usr/lib/libX11.so;/usr/lib/libXext.so passed with the following output:
Change Dir: /home/garrett/git/opengl-text-editor/build/CMakeFiles/CMakeScratch/TryCompile-lZXTIz

Run Build Command(s):/usr/bin/make -f Makefile cmTC_7a1d7/fast && /usr/bin/make  -f CMakeFiles/cmTC_7a1d7.dir/build.make CMakeFiles/cmTC_7a1d7.dir/build
make[1]: Entering directory '/home/garrett/git/opengl-text-editor/build/CMakeFiles/CMakeScratch/TryCompile-lZXTIz'
Building C object CMakeFiles/cmTC_7a1d7.dir/CheckFunctionExists.c.o
/usr/bin/cc   -DCHECK_FUNCTION_EXISTS=XOpenDisplay -o CMakeFiles/cmTC_7a1d7.dir/CheckFunctionExists.c.o -c /home/garrett/git/opengl-text-editor/build/CMakeFiles/CMakeScratch/TryCompile-lZXTIz/CheckFunctionExists.c
Linking C executable cmTC_7a1d7
/usr/bin/cmake -E cmake_link_script CMakeFiles/cmTC_7a1d7.dir/link.txt --verbose=1
/usr/bin/cc  -DCHECK_FUNCTION_EXISTS=XOpenDisplay CMakeFiles/cmTC_7a1d7.dir/CheckFunctionExists.c.o -o cmTC_7a1d7  /usr/lib/libX11.so /usr/lib/libXext.so 
make[1]: Leaving directory '/home/garrett/git/opengl-text-editor/build/CMakeFiles/CMakeScratch/TryCompile-lZXTIz'



Determining if the function gethostbyname exists passed with the following output:
Change Dir: /home/garrett/git/opengl-text-editor/build/CMakeFiles/CMakeScratch/TryCompile-DyvF0m

Run Build Command(s):/usr/bin/make -f Makefile cmTC_40acf/fast && /usr/bin/make  -f CMakeFiles/cmTC_40acf.dir/build.make CMakeFiles/cmTC_40acf.dir/build
make[1]: Entering directory '/home/garrett/git/opengl-text-editor/build/CMakeFiles/CMakeScratch/TryCompile-DyvF0m'
Building C object CMakeFiles/cmTC_40acf.dir/CheckFunctionExists.c.o
/usr/bin/cc   -DCHECK_FUNCTION_EXISTS=gethostbyname -o CMakeFiles/cmTC_40acf.dir/CheckFunctionExists.c.o -c /home/garrett/git/opengl-text-editor/build/CMakeFiles/CMakeScratch/TryCompile-DyvF0m/CheckFunctionExists.c
Linking C executable cmTC_40acf
/usr/bin/cmake -E cmake_link_script CMakeFiles/cmTC_40acf.dir/link.txt --verbose=1
/usr/bin/cc  -DCHECK_FUNCTION_EXISTS=gethostbyname CMakeFiles/cmTC_40acf.dir/CheckFunctionExists.c.o -o cmTC_40acf 
make[1]: Leaving directory '/home/garrett/git/opengl-text-editor/build/CMakeFiles/CMakeScratch/TryCompile-DyvF0m'



Determining if the function connect exists passed with the following output:
Change Dir: /home/garrett/git/opengl-text-editor/build/CMakeFiles/CMakeScratch/TryCompile-NlPiI6

Run Build Command(s):/usr/bin/make -f Makefile cmTC_65ebc/fast && /usr/bin/make  -f CMakeFiles/cmTC_65ebc.dir/build.make CMakeFiles/cmTC_65ebc.dir/build
make[1]: Entering directory '/home/garrett/git/opengl-text-editor/build/CMakeFiles/CMakeScratch/TryCompile-NlPiI6'
Building C object CMakeFiles/cmTC_65ebc.dir/CheckFunctionExists.c.o
/usr/bin/cc   -DCHECK_FUNCTION_EXISTS=connect -o CMakeFiles/cmTC_65ebc.dir/CheckFunctionExists.c.o -c /home/garrett/git/opengl-text-editor/build/CMakeFiles/CMakeScratch/TryCompile-NlPiI6/CheckFunctionExists.c
Linking C executable cmTC_65ebc
/usr/bin/cmake -E cmake_link_script CMakeFiles/cmTC_65ebc.dir/link.txt --verbose=1
/usr/bin/cc  -DCHECK_FUNCTION_EXISTS=connect CMakeFiles/cmTC_65ebc.dir/CheckFunctionExists.c.o -o cmTC_65ebc 
make[1]: Leaving directory '/home/garrett/git/opengl-text-editor/build/CMakeFiles/CMakeScratch/TryCompile-NlPiI6'



Determining if the function remove exists passed with the following output:
Change Dir: /home/garrett/git/opengl-text-editor/build/CMakeFiles/CMakeScratch/TryCompile-ZUQyyq

Run Build Command(s):/usr/bin/make -f Makefile cmTC_24f32/fast && /usr/bin/make  -f CMakeFiles/cmTC_24f32.dir/build.make CMakeFiles/cmTC_24f32.dir/build
make[1]: Entering directory '/home/garrett/git/opengl-text-editor/build/CMakeFiles/CMakeScratch/TryCompile-ZUQyyq'
Building C object CMakeFiles/cmTC_24f32.dir/CheckFunctionExists.c.o
/usr/bin/cc   -DCHECK_FUNCTION_EXISTS=remove -o CMakeFiles/cmTC_24f32.dir/CheckFunctionExists.c.o -c /home/garrett/git/opengl-text-editor/build/CMakeFiles/CMakeScratch/TryCompile-ZUQyyq/CheckFunctionExists.c
Linking C executable cmTC_24f32
/usr/bin/cmake -E cmake_link_script CMakeFiles/cmTC_24f32.dir/link.txt --verbose=1
/usr/bin/cc  -DCHECK_FUNCTION_EXISTS=remove CMakeFiles/cmTC_24f32.dir/CheckFunctionExists.c.o -o cmTC_24f32 
make[1]: Leaving directory '/home/garrett/git/opengl-text-editor/build/CMakeFiles/CMakeScratch/TryCompile-ZUQyyq'



Determining if the function shmat exists passed with the following output:
Change Dir: /home/garrett/git/opengl-text-editor/build/CMakeFiles/CMakeScratch/TryCompile-m8UNV4

Run Build Command(s):/usr/bin/make -f Makefile cmTC_f9517/fast && /usr/bin/make  -f CMakeFiles/cmTC_f9517.dir/build.make CMakeFiles/cmTC_f9517.dir/build
make[1]: Entering directory '/home/garrett/git/opengl-text-editor/build/CMakeFiles/CMakeScratch/TryCompile-m8UNV4'
Building C object CMakeFiles/cmTC_f9517.dir/CheckFunctionExists.c.o
/usr/bin/cc   -DCHECK_FUNCTION_EXISTS=shmat -o CMakeFiles/cmTC_f9517.dir/CheckFunctionExists.c.o -c /home/garrett/git/opengl-text-editor/build/CMakeFiles/CMakeScratch/TryCompile-m8UNV4/CheckFunctionExists.c
Linking C executable cmTC_f9517
/usr/bin/cmake -E cmake_link_script CMakeFiles/cmTC_f9517.dir/link.txt --verbose=1
/usr/bin/cc  -DCHECK_FUNCTION_EXISTS=shmat CMakeFiles/cmTC_f9517.dir/CheckFunctionExists.c.o -o cmTC_f9517 
make[1]: Leaving directory '/home/garrett/git/opengl-text-editor/build/CMakeFiles/CMakeScratch/TryCompile-m8UNV4'



Determining if the function IceConnectionNumber exists in the ICE passed with the following output:
Change Dir: /home/garrett/git/opengl-text-editor/build/CMakeFiles/CMakeScratch/TryCompile-mWi6sJ

Run Build Command(s):/usr/bin/make -f Makefile cmTC_2cfb6/fast && /usr/bin/make  -f CMakeFiles/cmTC_2cfb6.dir/build.make CMakeFiles/cmTC_2cfb6.dir/build
make[1]: Entering directory '/home/garrett/git/opengl-text-editor/build/CMakeFiles/CMakeScratch/TryCompile-mWi6sJ'
Building C object CMakeFiles/cmTC_2cfb6.dir/CheckFunctionExists.c.o
/usr/bin/cc   -DCHECK_FUNCTION_EXISTS=IceConnectionNumber -o CMakeFiles/cmTC_2cfb6.dir/CheckFunctionExists.c.o -c /home/garrett/git/opengl-text-editor/build/CMakeFiles/CMakeScratch/TryCompile-mWi6sJ/CheckFunctionExists.c
Linking C executable cmTC_2cfb6
/usr/bin/cmake -E cmake_link_script CMakeFiles/cmTC_2cfb6.dir/link.txt --verbose=1
/usr/bin/cc  -DCHECK_FUNCTION_EXISTS=IceConnectionNumber CMakeFiles/cmTC_2cfb6.dir/CheckFunctionExists.c.o -o cmTC_2cfb6  -lICE 
make[1]: Leaving directory '/home/garrett/git/opengl-text-editor/build/CMakeFiles/CMakeScratch/TryCompile-mWi6sJ'



